
> api@0.1.0 build C:\projects\redevs-projects\edunity\apps\api
> next build

   ▲ Next.js 15.5.0
   - Environments: .env.local, .env.production

   Creating an optimized production build ...
 ✓ Compiled successfully in 2.5s
   Linting and checking validity of types ...

./app/route.ts
6:11  Warning: 'supabase' is assigned a value but never used.  @typescript-eslint/no-unused-vars
12:19  Warning: Unexpected any. Specify a different type.  @typescript-eslint/no-explicit-any

./app/university/route.ts
5:27  Warning: 'req' is defined but never used.  @typescript-eslint/no-unused-vars
38:17  Warning: Unexpected any. Specify a different type.  @typescript-eslint/no-explicit-any

info  - Need to disable some ESLint rules? Learn more here: https://nextjs.org/docs/app/api-reference/config/eslint#disabling-rules
   Collecting page data ...
   Generating static pages (0/4) ...
   Generating static pages (1/4) 
   Generating static pages (2/4) 
   Generating static pages (3/4) 
 ✓ Generating static pages (4/4)
   Finalizing page optimization ...
   Collecting build traces ...

Route (app)                                  Size  First Load JS
┌ ƒ /                                       127 B         101 kB
└ ƒ /university                             127 B         101 kB
+ First Load JS shared by all              101 kB
  ├ chunks/03800e7b-469b408b57b3e4e0.js   54.2 kB
  ├ chunks/836-9fc942a3c333b1c1.js        44.6 kB
  └ other shared chunks (total)           1.84 kB

Route (pages)                                Size  First Load JS
─ ○ /404                                  2.28 kB        96.9 kB
+ First Load JS shared by all             94.6 kB
  ├ chunks/framework-2766985770611e91.js  57.6 kB
  ├ chunks/main-a8deb4220bfcefba.js       34.8 kB
  └ other shared chunks (total)           2.23 kB

○  (Static)   prerendered as static content
ƒ  (Dynamic)  server-rendered on demand

