
> marketing@0.1.0 build C:\projects\redevs-projects\edunity\apps\marketing
> next build

   ▲ Next.js 15.5.0
   - Environments: .env.local, .env.production

   Creating an optimized production build ...
 ✓ Compiled successfully in 2.6s
   Linting and checking validity of types ...
   Collecting page data ...
   Generating static pages (0/5) ...
   Generating static pages (1/5) 
   Generating static pages (2/5) 
   Generating static pages (3/5) 
 ✓ Generating static pages (5/5)
   Finalizing page optimization ...
   Collecting build traces ...

Route (app)                                 Size  First Load JS
┌ ○ /                                    5.57 kB         107 kB
└ ○ /_not-found                            992 B         103 kB
+ First Load JS shared by all             102 kB
  ├ chunks/03800e7b-469b408b57b3e4e0.js  54.2 kB
  ├ chunks/547-b8ee9ed71d83264e.js       45.4 kB
  └ other shared chunks (total)          1.98 kB


○  (Static)  prerendered as static content

